<?xml version="1.0" encoding="UTF-8"?>
<!-- Generated by org.testng.reporters.JUnitReportReporter -->
<testsuite skipped="0" hostname="DESKTOP-6N5U3RF" name="com.demoqa.qa.testcases.TextBoxPageTest" tests="2" failures="0" timestamp="2020-10-20T13:12:17 IST" time="18.157" errors="0">
  <testcase name="validatePageHeaderTitleTest" time="9.038" classname="com.demoqa.qa.testcases.TextBoxPageTest"/>
  <system-out/>
  <testcase name="validatePageHeadlineTest" time="9.119" classname="com.demoqa.qa.testcases.TextBoxPageTest"/>
  <system-out/>
</testsuite> <!-- com.demoqa.qa.testcases.TextBoxPageTest -->
