<?xml version="1.0" encoding="UTF-8"?>
<!-- Generated by org.testng.reporters.JUnitReportReporter -->
<testsuite skipped="0" hostname="DESKTOP-6N5U3RF" name="com.demoqa.qa.testcases.PracticeFormPageTest" tests="9" failures="0" timestamp="2020-10-20T13:12:17 IST" time="117.331" errors="0">
  <testcase name="validateRegisterNewStudent" time="11.006" classname="com.demoqa.qa.testcases.PracticeFormPageTest"/>
  <system-out/>
  <testcase name="validateRegisterNewStudent" time="14.068" classname="com.demoqa.qa.testcases.PracticeFormPageTest"/>
  <system-out/>
  <testcase name="validateRegisterNewStudent" time="10.819" classname="com.demoqa.qa.testcases.PracticeFormPageTest"/>
  <system-out/>
  <testcase name="validateRegisterNewStudent" time="21.047" classname="com.demoqa.qa.testcases.PracticeFormPageTest"/>
  <system-out/>
  <testcase name="validateRegisterNewStudent" time="10.377" classname="com.demoqa.qa.testcases.PracticeFormPageTest"/>
  <system-out/>
  <testcase name="validateRegisterNewStudent" time="11.043" classname="com.demoqa.qa.testcases.PracticeFormPageTest"/>
  <system-out/>
  <testcase name="validateRegisterNewStudent" time="12.631" classname="com.demoqa.qa.testcases.PracticeFormPageTest"/>
  <system-out/>
  <testcase name="validateRegisterNewStudent" time="12.895" classname="com.demoqa.qa.testcases.PracticeFormPageTest"/>
  <system-out/>
  <testcase name="validateRegisterNewStudent" time="13.445" classname="com.demoqa.qa.testcases.PracticeFormPageTest"/>
  <system-out/>
</testsuite> <!-- com.demoqa.qa.testcases.PracticeFormPageTest -->
