<?xml version="1.0" encoding="UTF-8"?>
<!-- Generated by org.testng.reporters.JUnitReportReporter -->
<testsuite skipped="0" hostname="DESKTOP-6N5U3RF" name="com.demoqa.qa.testcases.HomePageTest" tests="4" failures="0" timestamp="2020-10-20T13:12:17 IST" time="43.501" errors="0">
  <testcase name="validateHomePageTitleTest" time="8.925" classname="com.demoqa.qa.testcases.HomePageTest"/>
  <system-out/>
  <testcase name="validatePageHeaderTitleTest" time="9.264" classname="com.demoqa.qa.testcases.HomePageTest"/>
  <system-out/>
  <testcase name="clickOnTextBoxLinkTest" time="15.710" classname="com.demoqa.qa.testcases.HomePageTest"/>
  <system-out/>
  <testcase name="clickOnPracticeFormLinkTest" time="9.602" classname="com.demoqa.qa.testcases.HomePageTest"/>
  <system-out/>
</testsuite> <!-- com.demoqa.qa.testcases.HomePageTest -->
